Performing C SOURCE FILE Test CMAKE_HAVE_LIBC_PTHREAD failed with the following output:
Change Dir: /home/jpantao/Git/BScResearch/Yggdrasil/cmake-build-debug/CMakeFiles/CMakeTmp

Run Build Command(s):/usr/bin/gmake cmTC_82f5d/fast && /usr/bin/gmake -f CMakeFiles/cmTC_82f5d.dir/build.make CMakeFiles/cmTC_82f5d.dir/build
gmake[1]: Entering directory '/home/jpantao/Git/BScResearch/Yggdrasil/cmake-build-debug/CMakeFiles/CMakeTmp'
Building C object CMakeFiles/cmTC_82f5d.dir/src.c.o
/usr/bin/cc   -g -Wall -O0 -DCMAKE_HAVE_LIBC_PTHREAD   -o CMakeFiles/cmTC_82f5d.dir/src.c.o   -c /home/jpantao/Git/BScResearch/Yggdrasil/cmake-build-debug/CMakeFiles/CMakeTmp/src.c
Linking C executable cmTC_82f5d
/home/jpantao/.local/share/JetBrains/Toolbox/apps/CLion/ch-0/201.7846.88/bin/cmake/linux/bin/cmake -E cmake_link_script CMakeFiles/cmTC_82f5d.dir/link.txt --verbose=1
/usr/bin/cc  -g -Wall -O0 -DCMAKE_HAVE_LIBC_PTHREAD    -rdynamic CMakeFiles/cmTC_82f5d.dir/src.c.o  -o cmTC_82f5d 
/usr/bin/ld: CMakeFiles/cmTC_82f5d.dir/src.c.o: in function `main':
/home/jpantao/Git/BScResearch/Yggdrasil/cmake-build-debug/CMakeFiles/CMakeTmp/src.c:11: undefined reference to `pthread_create'
/usr/bin/ld: /home/jpantao/Git/BScResearch/Yggdrasil/cmake-build-debug/CMakeFiles/CMakeTmp/src.c:12: undefined reference to `pthread_detach'
/usr/bin/ld: /home/jpantao/Git/BScResearch/Yggdrasil/cmake-build-debug/CMakeFiles/CMakeTmp/src.c:13: undefined reference to `pthread_join'
collect2: error: ld returned 1 exit status
gmake[1]: *** [CMakeFiles/cmTC_82f5d.dir/build.make:87: cmTC_82f5d] Error 1
gmake[1]: Leaving directory '/home/jpantao/Git/BScResearch/Yggdrasil/cmake-build-debug/CMakeFiles/CMakeTmp'
gmake: *** [Makefile:121: cmTC_82f5d/fast] Error 2


Source file was:
#include <pthread.h>

void* test_func(void* data)
{
  return data;
}

int main(void)
{
  pthread_t thread;
  pthread_create(&thread, NULL, test_func, NULL);
  pthread_detach(thread);
  pthread_join(thread, NULL);
  pthread_atfork(NULL, NULL, NULL);
  pthread_exit(NULL);

  return 0;
}

