Determining if the pthread_create exist failed with the following output:
Change Dir: /tmp/tmp.Wyjid08Bsi/cmake-build-raspi-102/CMakeFiles/CMakeTmp

Run Build Command:"/usr/bin/make" "cmTC_6e79f/fast"
/usr/bin/make -f CMakeFiles/cmTC_6e79f.dir/build.make CMakeFiles/cmTC_6e79f.dir/build
make[1]: Entering directory '/tmp/tmp.Wyjid08Bsi/cmake-build-raspi-102/CMakeFiles/CMakeTmp'
Building C object CMakeFiles/cmTC_6e79f.dir/CheckSymbolExists.c.o
/usr/bin/cc   -g -Wall -O0    -o CMakeFiles/cmTC_6e79f.dir/CheckSymbolExists.c.o   -c /tmp/tmp.Wyjid08Bsi/cmake-build-raspi-102/CMakeFiles/CMakeTmp/CheckSymbolExists.c
Linking C executable cmTC_6e79f
/usr/bin/cmake -E cmake_link_script CMakeFiles/cmTC_6e79f.dir/link.txt --verbose=1
/usr/bin/cc  -g -Wall -O0     -rdynamic CMakeFiles/cmTC_6e79f.dir/CheckSymbolExists.c.o  -o cmTC_6e79f 
/usr/bin/ld: CMakeFiles/cmTC_6e79f.dir/CheckSymbolExists.c.o: in function `main':
/tmp/tmp.Wyjid08Bsi/cmake-build-raspi-102/CMakeFiles/CMakeTmp/CheckSymbolExists.c:13: undefined reference to `pthread_create'
collect2: error: ld returned 1 exit status
make[1]: *** [CMakeFiles/cmTC_6e79f.dir/build.make:87: cmTC_6e79f] Error 1
make[1]: Leaving directory '/tmp/tmp.Wyjid08Bsi/cmake-build-raspi-102/CMakeFiles/CMakeTmp'
make: *** [Makefile:121: cmTC_6e79f/fast] Error 2

File /tmp/tmp.Wyjid08Bsi/cmake-build-raspi-102/CMakeFiles/CMakeTmp/CheckSymbolExists.c:
/* */
#include <pthread.h>

int main(int argc, char** argv)
{
  (void)argv;
#ifndef pthread_create
  return ((int*)(&pthread_create))[argc];
#else
  (void)argc;
  return 0;
#endif
}

